Using pre-set license
Built from '2021.3/staging' branch; Version is '2021.3.29f1 (204d6dc9ae1c) revision 2116973'; Using compiler version '192829333'; Build Type 'Release'
OS: 'Windows 11  (10.0.22621) 64bit Professional' Language: 'pt' Physical Memory: 16332 MB
BatchMode: 1, IsHumanControllingUs: 0, StartBugReporterOnCrash: 0, Is64bit: 1, IsPro: 1

COMMAND LINE ARGUMENTS:
C:\Program Files\Unity\Hub\Editor\2021.3.29f1\Editor\Unity.exe
-adb2
-batchMode
-noUpm
-name
AssetImportWorker1
-projectPath
C:/Users/enzot/OneDrive/Documentos/UnityProjetos/AtividadeFinalShaders
-logFile
Logs/AssetImportWorker1.log
-srvPort
50135
Successfully changed project path to: C:/Users/enzot/OneDrive/Documentos/UnityProjetos/AtividadeFinalShaders
C:/Users/enzot/OneDrive/Documentos/UnityProjetos/AtividadeFinalShaders
[UnityMemory] Configuration Parameters - Can be set up in boot.config
    "memorysetup-bucket-allocator-granularity=16"
    "memorysetup-bucket-allocator-bucket-count=8"
    "memorysetup-bucket-allocator-block-size=33554432"
    "memorysetup-bucket-allocator-block-count=8"
    "memorysetup-main-allocator-block-size=16777216"
    "memorysetup-thread-allocator-block-size=16777216"
    "memorysetup-gfx-main-allocator-block-size=16777216"
    "memorysetup-gfx-thread-allocator-block-size=16777216"
    "memorysetup-cache-allocator-block-size=4194304"
    "memorysetup-typetree-allocator-block-size=2097152"
    "memorysetup-profiler-bucket-allocator-granularity=16"
    "memorysetup-profiler-bucket-allocator-bucket-count=8"
    "memorysetup-profiler-bucket-allocator-block-size=33554432"
    "memorysetup-profiler-bucket-allocator-block-count=8"
    "memorysetup-profiler-allocator-block-size=16777216"
    "memorysetup-profiler-editor-allocator-block-size=1048576"
    "memorysetup-temp-allocator-size-main=16777216"
    "memorysetup-job-temp-allocator-block-size=2097152"
    "memorysetup-job-temp-allocator-block-size-background=1048576"
    "memorysetup-job-temp-allocator-reduction-small-platforms=262144"
    "memorysetup-temp-allocator-size-background-worker=32768"
    "memorysetup-temp-allocator-size-job-worker=262144"
    "memorysetup-temp-allocator-size-preload-manager=33554432"
    "memorysetup-temp-allocator-size-nav-mesh-worker=65536"
    "memorysetup-temp-allocator-size-audio-worker=65536"
    "memorysetup-temp-allocator-size-cloud-worker=32768"
    "memorysetup-temp-allocator-size-gi-baking-worker=262144"
    "memorysetup-temp-allocator-size-gfx=262144"
Player connection [17896] Host "[IP] 192.168.15.38 [Port] 0 [Flags] 2 [Guid] 3877199452 [EditorId] 3877199452 [Version] 1048832 [Id] WindowsEditor(7,PC_ENZO) [Debug] 1 [PackageName] WindowsEditor [ProjectName] Editor" joined multi-casting on [225.0.0.222:54997]...

Player connection [17896] Host "[IP] 192.168.15.38 [Port] 0 [Flags] 2 [Guid] 3877199452 [EditorId] 3877199452 [Version] 1048832 [Id] WindowsEditor(7,PC_ENZO) [Debug] 1 [PackageName] WindowsEditor [ProjectName] Editor" joined alternative multi-casting on [225.0.0.222:34997]...

Refreshing native plugins compatible for Editor in 68.91 ms, found 3 plugins.
Preloading 0 native plugins for Editor in 0.00 ms.
Initialize engine version: 2021.3.29f1 (204d6dc9ae1c)
[Subsystems] Discovering subsystems at path C:/Program Files/Unity/Hub/Editor/2021.3.29f1/Editor/Data/Resources/UnitySubsystems
[Subsystems] Discovering subsystems at path C:/Users/enzot/OneDrive/Documentos/UnityProjetos/AtividadeFinalShaders/Assets
GfxDevice: creating device client; threaded=0; jobified=0
Direct3D:
    Version:  Direct3D 11.0 [level 11.1]
    Renderer: NVIDIA GeForce GTX 1650 (ID=0x2188)
    Vendor:   NVIDIA
    VRAM:     3935 MB
    Driver:   31.0.15.5152
Initialize mono
Mono path[0] = 'C:/Program Files/Unity/Hub/Editor/2021.3.29f1/Editor/Data/Managed'
Mono path[1] = 'C:/Program Files/Unity/Hub/Editor/2021.3.29f1/Editor/Data/MonoBleedingEdge/lib/mono/unityjit-win32'
Mono config path = 'C:/Program Files/Unity/Hub/Editor/2021.3.29f1/Editor/Data/MonoBleedingEdge/etc'
Using monoOptions --debugger-agent=transport=dt_socket,embedding=1,server=y,suspend=n,address=127.0.0.1:56972
Begin MonoManager ReloadAssembly
Registering precompiled unity dll's ...
Register platform support module: C:/Program Files/Unity/Hub/Editor/2021.3.29f1/Editor/Data/PlaybackEngines/AndroidPlayer/UnityEditor.Android.Extensions.dll
Register platform support module: C:/Program Files/Unity/Hub/Editor/2021.3.29f1/Editor/Data/PlaybackEngines/WindowsStandaloneSupport/UnityEditor.WindowsStandalone.Extensions.dll
Registered in 0.007758 seconds.
Native extension for WindowsStandalone target not found
Native extension for Android target not found
Android Extension - Scanning For ADB Devices 289 ms
Refreshing native plugins compatible for Editor in 81.97 ms, found 3 plugins.
Preloading 0 native plugins for Editor in 0.00 ms.
Mono: successfully reloaded assembly
- Completed reload, in  0.943 seconds
Domain Reload Profiling:
	ReloadAssembly (943ms)
		BeginReloadAssembly (85ms)
			ExecutionOrderSort (0ms)
			DisableScriptedObjects (0ms)
			BackupInstance (0ms)
			ReleaseScriptingObjects (0ms)
			CreateAndSetChildDomain (1ms)
		EndReloadAssembly (759ms)
			LoadAssemblies (82ms)
			RebuildTransferFunctionScriptingTraits (0ms)
			SetupTypeCache (103ms)
			ReleaseScriptCaches (0ms)
			RebuildScriptCaches (25ms)
			SetupLoadedEditorAssemblies (583ms)
				LogAssemblyErrors (0ms)
				InitializePlatformSupportModulesInManaged (379ms)
				SetLoadedEditorAssemblies (0ms)
				RefreshPlugins (82ms)
				BeforeProcessingInitializeOnLoad (1ms)
				ProcessInitializeOnLoadAttributes (77ms)
				ProcessInitializeOnLoadMethodAttributes (43ms)
				AfterProcessingInitializeOnLoad (0ms)
				EditorAssembliesLoaded (0ms)
			ExecutionOrderSort2 (0ms)
			AwakeInstancesAfterBackupRestoration (0ms)
Platform modules already initialized, skipping
Registering precompiled user dll's ...
Registered in 0.006081 seconds.
Begin MonoManager ReloadAssembly
Symbol file LoadedFromMemory doesn't match image C:\Users\enzot\OneDrive\Documentos\UnityProjetos\AtividadeFinalShaders\Library\PackageCache\com.unity.visualscripting@1.8.0\Editor\VisualScripting.Core\Dependencies\YamlDotNet\Unity.VisualScripting.YamlDotNet.dll
Symbol file LoadedFromMemory doesn't match image C:\Users\enzot\OneDrive\Documentos\UnityProjetos\AtividadeFinalShaders\Library\PackageCache\com.unity.visualscripting@1.8.0\Editor\VisualScripting.Core\Dependencies\DotNetZip\Unity.VisualScripting.IonicZip.dll
Native extension for WindowsStandalone target not found
Native extension for Android target not found
Refreshing native plugins compatible for Editor in 0.59 ms, found 3 plugins.
Preloading 0 native plugins for Editor in 0.00 ms.
Mono: successfully reloaded assembly
- Completed reload, in  1.036 seconds
Domain Reload Profiling:
	ReloadAssembly (1037ms)
		BeginReloadAssembly (119ms)
			ExecutionOrderSort (0ms)
			DisableScriptedObjects (5ms)
			BackupInstance (0ms)
			ReleaseScriptingObjects (0ms)
			CreateAndSetChildDomain (21ms)
		EndReloadAssembly (812ms)
			LoadAssemblies (97ms)
			RebuildTransferFunctionScriptingTraits (0ms)
			SetupTypeCache (261ms)
			ReleaseScriptCaches (1ms)
			RebuildScriptCaches (60ms)
			SetupLoadedEditorAssemblies (352ms)
				LogAssemblyErrors (0ms)
				InitializePlatformSupportModulesInManaged (21ms)
				SetLoadedEditorAssemblies (0ms)
				RefreshPlugins (1ms)
				BeforeProcessingInitializeOnLoad (91ms)
				ProcessInitializeOnLoadAttributes (208ms)
				ProcessInitializeOnLoadMethodAttributes (21ms)
				AfterProcessingInitializeOnLoad (10ms)
				EditorAssembliesLoaded (0ms)
			ExecutionOrderSort2 (0ms)
			AwakeInstancesAfterBackupRestoration (5ms)
Platform modules already initialized, skipping
========================================================================
Worker process is ready to serve import requests
Launched and connected shader compiler UnityShaderCompiler.exe after 0.05 seconds
Refreshing native plugins compatible for Editor in 0.99 ms, found 3 plugins.
Preloading 0 native plugins for Editor in 0.00 ms.
Unloading 3052 Unused Serialized files (Serialized files now loaded: 0)
Unloading 22 unused Assets / (46.7 KB). Loaded Objects now: 3517.
Memory consumption went from 112.1 MB to 112.1 MB.
Total: 4.577400 ms (FindLiveObjects: 0.574100 ms CreateObjectMapping: 0.218200 ms MarkObjects: 3.547000 ms  DeleteObjects: 0.236100 ms)

AssetImportParameters requested are different than current active one (requested -> active):
  custom:video-decoder-ogg-theora: a1e56fd34408186e4bbccfd4996cb3dc -> 
  custom:container-muxer-webm: aa71ff27fc2769a1b78a27578f13a17b -> 
  custom:container-demuxer-webm: 4f35f7cbe854078d1ac9338744f61a02 -> 
  custom:video-encoder-webm-vp8: eb34c28f22e8b96e1ab97ce403110664 -> 
  custom:CustomObjectIndexerAttribute: bc11b3a6c3213fcdd17b65e7da85e133 -> 
  custom:audio-encoder-webm-vorbis: bf7c407c2cedff20999df2af8eb42d56 -> 
  custom:framework-win-MediaFoundation: 216162199b28c13a410421893ffa2e32 -> 
  custom:container-demuxer-ogg: 62fdf1f143b41e24485cea50d1cbac27 -> 
  custom:video-decoder-webm-vp8: 9c59270c3fd7afecdb556c50c9e8de78 -> 
  custom:audio-decoder-ogg-vorbis: bf7c407c2cedff20999df2af8eb42d56 -> 
========================================================================
Received Import Request.
  Time since last request: 153287.097126 seconds.
  path: Assets/AK STUDIO ART/Bed
  artifactKey: Guid(40fb863e4f5539047be1cc109fde9d2c) Importer(815301076,1909f56bfc062723c751e8b465ee728b)
Start importing Assets/AK STUDIO ART/Bed using Guid(40fb863e4f5539047be1cc109fde9d2c) Importer(815301076,1909f56bfc062723c751e8b465ee728b)  -> (artifact id: 'fc05c8d1f147879d948e0903ece0b56a') in 0.017217 seconds 
========================================================================
Received Import Request.
  Time since last request: 0.000023 seconds.
  path: Assets/AK STUDIO ART/Bed/Prefabs
  artifactKey: Guid(4aed2304ffc7cc146b920bea2cf07f53) Importer(815301076,1909f56bfc062723c751e8b465ee728b)
Start importing Assets/AK STUDIO ART/Bed/Prefabs using Guid(4aed2304ffc7cc146b920bea2cf07f53) Importer(815301076,1909f56bfc062723c751e8b465ee728b)  -> (artifact id: '629381ca5fb31491b9c21cf51fede7f2') in 0.007807 seconds 
========================================================================
Received Import Request.
  Time since last request: 1322.693501 seconds.
  path: Assets/AK STUDIO ART/Bed/Models/Materials/Bed Leather.mat
  artifactKey: Guid(cfd9fd23993eb494fb7fa3bf04d28641) Importer(815301076,1909f56bfc062723c751e8b465ee728b)
Start importing Assets/AK STUDIO ART/Bed/Models/Materials/Bed Leather.mat using Guid(cfd9fd23993eb494fb7fa3bf04d28641) Importer(815301076,1909f56bfc062723c751e8b465ee728b)  -> (artifact id: 'dddfbad187caf1da5c33061d9168e565') in 0.328858 seconds 
========================================================================
Received Import Request.
  Time since last request: 144.752077 seconds.
  path: Assets/AK STUDIO ART/Bed/Models/Textures/Bed_Cloth_AO.png
  artifactKey: Guid(ffd2ff8090d96c644b6e882646d2f16e) Importer(815301076,1909f56bfc062723c751e8b465ee728b)
Start importing Assets/AK STUDIO ART/Bed/Models/Textures/Bed_Cloth_AO.png using Guid(ffd2ff8090d96c644b6e882646d2f16e) Importer(815301076,1909f56bfc062723c751e8b465ee728b)  -> (artifact id: 'd407fef938c0d5520c0ba92cfadebd65') in 0.068623 seconds 
========================================================================
Received Import Request.
  Time since last request: 0.000029 seconds.
  path: Assets/AK STUDIO ART/Bed/Models/Textures/Bed_Leather_AlbedoTransparency.png
  artifactKey: Guid(1ba9d838747abac4b9a84655d38554c5) Importer(815301076,1909f56bfc062723c751e8b465ee728b)
Start importing Assets/AK STUDIO ART/Bed/Models/Textures/Bed_Leather_AlbedoTransparency.png using Guid(1ba9d838747abac4b9a84655d38554c5) Importer(815301076,1909f56bfc062723c751e8b465ee728b)  -> (artifact id: 'b2ba943dc2e892f5cd260635e094ace2') in 0.029726 seconds 
========================================================================
Received Import Request.
  Time since last request: 0.000029 seconds.
  path: Assets/AK STUDIO ART/Bed/Models/Textures/Bed_Cloth_Normal.png
  artifactKey: Guid(20a73034b9afb924199cfdc909b88733) Importer(815301076,1909f56bfc062723c751e8b465ee728b)
Start importing Assets/AK STUDIO ART/Bed/Models/Textures/Bed_Cloth_Normal.png using Guid(20a73034b9afb924199cfdc909b88733) Importer(815301076,1909f56bfc062723c751e8b465ee728b)  -> (artifact id: '0be7c4a4708c30431d03c470933411a7') in 0.031050 seconds 
========================================================================
Received Import Request.
  Time since last request: 0.000032 seconds.
  path: Assets/AK STUDIO ART/Bed/Models/Textures/Bed_Wood_AO.png
  artifactKey: Guid(c3900fecb30263d4d81d7a2e55780a4b) Importer(815301076,1909f56bfc062723c751e8b465ee728b)
Start importing Assets/AK STUDIO ART/Bed/Models/Textures/Bed_Wood_AO.png using Guid(c3900fecb30263d4d81d7a2e55780a4b) Importer(815301076,1909f56bfc062723c751e8b465ee728b)  -> (artifact id: '5cd215ffee4d1319387431652bbbda85') in 0.027214 seconds 
========================================================================
Received Import Request.
  Time since last request: 0.000019 seconds.
  path: Assets/AK STUDIO ART/Bed/Models/Textures/Bed_Leather_MetallicSmoothness.png
  artifactKey: Guid(f1b0ae32d8cc29c449bb3f55ff2d6546) Importer(815301076,1909f56bfc062723c751e8b465ee728b)
Start importing Assets/AK STUDIO ART/Bed/Models/Textures/Bed_Leather_MetallicSmoothness.png using Guid(f1b0ae32d8cc29c449bb3f55ff2d6546) Importer(815301076,1909f56bfc062723c751e8b465ee728b)  -> (artifact id: '02ed5b654ceffce000fdf04c28cc26f4') in 0.027776 seconds 
========================================================================
Received Import Request.
  Time since last request: 0.000039 seconds.
  path: Assets/AK STUDIO ART/Bed/Models/Textures/Bed_Wood_AlbedoTransparency.png
  artifactKey: Guid(4e69f40b4b9e6cf4c9ffc252a9e7c474) Importer(815301076,1909f56bfc062723c751e8b465ee728b)
Start importing Assets/AK STUDIO ART/Bed/Models/Textures/Bed_Wood_AlbedoTransparency.png using Guid(4e69f40b4b9e6cf4c9ffc252a9e7c474) Importer(815301076,1909f56bfc062723c751e8b465ee728b)  -> (artifact id: '6581f465809ae00f4fd9339e10ead4d8') in 0.028000 seconds 
========================================================================
Received Import Request.
  Time since last request: 9.224947 seconds.
  path: Assets/karsiori/TileMap/Backgrounds/VINES - Second.png
  artifactKey: Guid(c3909c99bf845a24db9a162d677b6398) Importer(815301076,1909f56bfc062723c751e8b465ee728b)
Start importing Assets/karsiori/TileMap/Backgrounds/VINES - Second.png using Guid(c3909c99bf845a24db9a162d677b6398) Importer(815301076,1909f56bfc062723c751e8b465ee728b)  -> (artifact id: '6a2285bdf231d95a8905a203265dadf6') in 0.043169 seconds 
========================================================================
Received Import Request.
  Time since last request: 0.000199 seconds.
  path: Assets/karsiori/TileMap/Backgrounds/WOODS - First.png
  artifactKey: Guid(4a0bf6774f40eeb419adfda6b54d5c1f) Importer(815301076,1909f56bfc062723c751e8b465ee728b)
Start importing Assets/karsiori/TileMap/Backgrounds/WOODS - First.png using Guid(4a0bf6774f40eeb419adfda6b54d5c1f) Importer(815301076,1909f56bfc062723c751e8b465ee728b)  -> (artifact id: '56fa797430a74171ba33ebf4823385a4') in 0.032475 seconds 
========================================================================
Received Import Request.
  Time since last request: 0.000040 seconds.
  path: Assets/karsiori/TileMap/Backgrounds/WOODS - Fourth.png
  artifactKey: Guid(0e8e998796118084d8b33b5085a3560b) Importer(815301076,1909f56bfc062723c751e8b465ee728b)
Start importing Assets/karsiori/TileMap/Backgrounds/WOODS - Fourth.png using Guid(0e8e998796118084d8b33b5085a3560b) Importer(815301076,1909f56bfc062723c751e8b465ee728b)  -> (artifact id: '32f48e934dabd04c2ac05acdbff02baa') in 0.035712 seconds 
Editor requested this worker to shutdown with reason: Scaling down because of idle timeout
AssetImportWorker is now disconnected from the server
Process exiting
Exiting without the bug reporter. Application will terminate with return code 0