Using pre-set license
Built from '2021.3/staging' branch; Version is '2021.3.29f1 (204d6dc9ae1c) revision 2116973'; Using compiler version '192829333'; Build Type 'Release'
OS: 'Windows 11  (10.0.22621) 64bit Professional' Language: 'pt' Physical Memory: 16332 MB
BatchMode: 1, IsHumanControllingUs: 0, StartBugReporterOnCrash: 0, Is64bit: 1, IsPro: 1

COMMAND LINE ARGUMENTS:
C:\Program Files\Unity\Hub\Editor\2021.3.29f1\Editor\Unity.exe
-adb2
-batchMode
-noUpm
-name
AssetImportWorker0
-projectPath
C:/Users/enzot/OneDrive/Documentos/UnityProjetos/AtividadeFinalShaders
-logFile
Logs/AssetImportWorker0.log
-srvPort
50135
Successfully changed project path to: C:/Users/enzot/OneDrive/Documentos/UnityProjetos/AtividadeFinalShaders
C:/Users/enzot/OneDrive/Documentos/UnityProjetos/AtividadeFinalShaders
[UnityMemory] Configuration Parameters - Can be set up in boot.config
    "memorysetup-bucket-allocator-granularity=16"
    "memorysetup-bucket-allocator-bucket-count=8"
    "memorysetup-bucket-allocator-block-size=33554432"
    "memorysetup-bucket-allocator-block-count=8"
    "memorysetup-main-allocator-block-size=16777216"
    "memorysetup-thread-allocator-block-size=16777216"
    "memorysetup-gfx-main-allocator-block-size=16777216"
    "memorysetup-gfx-thread-allocator-block-size=16777216"
    "memorysetup-cache-allocator-block-size=4194304"
    "memorysetup-typetree-allocator-block-size=2097152"
    "memorysetup-profiler-bucket-allocator-granularity=16"
    "memorysetup-profiler-bucket-allocator-bucket-count=8"
    "memorysetup-profiler-bucket-allocator-block-size=33554432"
    "memorysetup-profiler-bucket-allocator-block-count=8"
    "memorysetup-profiler-allocator-block-size=16777216"
    "memorysetup-profiler-editor-allocator-block-size=1048576"
    "memorysetup-temp-allocator-size-main=16777216"
    "memorysetup-job-temp-allocator-block-size=2097152"
    "memorysetup-job-temp-allocator-block-size-background=1048576"
    "memorysetup-job-temp-allocator-reduction-small-platforms=262144"
    "memorysetup-temp-allocator-size-background-worker=32768"
    "memorysetup-temp-allocator-size-job-worker=262144"
    "memorysetup-temp-allocator-size-preload-manager=33554432"
    "memorysetup-temp-allocator-size-nav-mesh-worker=65536"
    "memorysetup-temp-allocator-size-audio-worker=65536"
    "memorysetup-temp-allocator-size-cloud-worker=32768"
    "memorysetup-temp-allocator-size-gi-baking-worker=262144"
    "memorysetup-temp-allocator-size-gfx=262144"
Player connection [3588] Host "[IP] 192.168.15.38 [Port] 0 [Flags] 2 [Guid] 3816888366 [EditorId] 3816888366 [Version] 1048832 [Id] WindowsEditor(7,PC_ENZO) [Debug] 1 [PackageName] WindowsEditor [ProjectName] Editor" joined multi-casting on [225.0.0.222:54997]...

Player connection [3588] Host "[IP] 192.168.15.38 [Port] 0 [Flags] 2 [Guid] 3816888366 [EditorId] 3816888366 [Version] 1048832 [Id] WindowsEditor(7,PC_ENZO) [Debug] 1 [PackageName] WindowsEditor [ProjectName] Editor" joined alternative multi-casting on [225.0.0.222:34997]...

Refreshing native plugins compatible for Editor in 73.43 ms, found 3 plugins.
Preloading 0 native plugins for Editor in 0.00 ms.
Initialize engine version: 2021.3.29f1 (204d6dc9ae1c)
[Subsystems] Discovering subsystems at path C:/Program Files/Unity/Hub/Editor/2021.3.29f1/Editor/Data/Resources/UnitySubsystems
[Subsystems] Discovering subsystems at path C:/Users/enzot/OneDrive/Documentos/UnityProjetos/AtividadeFinalShaders/Assets
GfxDevice: creating device client; threaded=0; jobified=0
Direct3D:
    Version:  Direct3D 11.0 [level 11.1]
    Renderer: NVIDIA GeForce GTX 1650 (ID=0x2188)
    Vendor:   NVIDIA
    VRAM:     3935 MB
    Driver:   31.0.15.5152
Initialize mono
Mono path[0] = 'C:/Program Files/Unity/Hub/Editor/2021.3.29f1/Editor/Data/Managed'
Mono path[1] = 'C:/Program Files/Unity/Hub/Editor/2021.3.29f1/Editor/Data/MonoBleedingEdge/lib/mono/unityjit-win32'
Mono config path = 'C:/Program Files/Unity/Hub/Editor/2021.3.29f1/Editor/Data/MonoBleedingEdge/etc'
Using monoOptions --debugger-agent=transport=dt_socket,embedding=1,server=y,suspend=n,address=127.0.0.1:56948
Begin MonoManager ReloadAssembly
Registering precompiled unity dll's ...
Register platform support module: C:/Program Files/Unity/Hub/Editor/2021.3.29f1/Editor/Data/PlaybackEngines/AndroidPlayer/UnityEditor.Android.Extensions.dll
Register platform support module: C:/Program Files/Unity/Hub/Editor/2021.3.29f1/Editor/Data/PlaybackEngines/WindowsStandaloneSupport/UnityEditor.WindowsStandalone.Extensions.dll
Registered in 0.007751 seconds.
Native extension for WindowsStandalone target not found
Native extension for Android target not found
Android Extension - Scanning For ADB Devices 285 ms
Refreshing native plugins compatible for Editor in 82.34 ms, found 3 plugins.
Preloading 0 native plugins for Editor in 0.00 ms.
Mono: successfully reloaded assembly
- Completed reload, in  0.943 seconds
Domain Reload Profiling:
	ReloadAssembly (944ms)
		BeginReloadAssembly (85ms)
			ExecutionOrderSort (0ms)
			DisableScriptedObjects (0ms)
			BackupInstance (0ms)
			ReleaseScriptingObjects (0ms)
			CreateAndSetChildDomain (1ms)
		EndReloadAssembly (760ms)
			LoadAssemblies (82ms)
			RebuildTransferFunctionScriptingTraits (0ms)
			SetupTypeCache (105ms)
			ReleaseScriptCaches (0ms)
			RebuildScriptCaches (25ms)
			SetupLoadedEditorAssemblies (581ms)
				LogAssemblyErrors (0ms)
				InitializePlatformSupportModulesInManaged (377ms)
				SetLoadedEditorAssemblies (0ms)
				RefreshPlugins (82ms)
				BeforeProcessingInitializeOnLoad (1ms)
				ProcessInitializeOnLoadAttributes (77ms)
				ProcessInitializeOnLoadMethodAttributes (43ms)
				AfterProcessingInitializeOnLoad (0ms)
				EditorAssembliesLoaded (0ms)
			ExecutionOrderSort2 (0ms)
			AwakeInstancesAfterBackupRestoration (0ms)
Platform modules already initialized, skipping
Registering precompiled user dll's ...
Registered in 0.006004 seconds.
Begin MonoManager ReloadAssembly
Symbol file LoadedFromMemory doesn't match image C:\Users\enzot\OneDrive\Documentos\UnityProjetos\AtividadeFinalShaders\Library\PackageCache\com.unity.visualscripting@1.8.0\Editor\VisualScripting.Core\Dependencies\YamlDotNet\Unity.VisualScripting.YamlDotNet.dll
Symbol file LoadedFromMemory doesn't match image C:\Users\enzot\OneDrive\Documentos\UnityProjetos\AtividadeFinalShaders\Library\PackageCache\com.unity.visualscripting@1.8.0\Editor\VisualScripting.Core\Dependencies\DotNetZip\Unity.VisualScripting.IonicZip.dll
Native extension for WindowsStandalone target not found
Native extension for Android target not found
Refreshing native plugins compatible for Editor in 0.66 ms, found 3 plugins.
Preloading 0 native plugins for Editor in 0.00 ms.
Mono: successfully reloaded assembly
- Completed reload, in  1.040 seconds
Domain Reload Profiling:
	ReloadAssembly (1041ms)
		BeginReloadAssembly (122ms)
			ExecutionOrderSort (0ms)
			DisableScriptedObjects (6ms)
			BackupInstance (0ms)
			ReleaseScriptingObjects (0ms)
			CreateAndSetChildDomain (19ms)
		EndReloadAssembly (812ms)
			LoadAssemblies (95ms)
			RebuildTransferFunctionScriptingTraits (0ms)
			SetupTypeCache (263ms)
			ReleaseScriptCaches (1ms)
			RebuildScriptCaches (63ms)
			SetupLoadedEditorAssemblies (351ms)
				LogAssemblyErrors (0ms)
				InitializePlatformSupportModulesInManaged (20ms)
				SetLoadedEditorAssemblies (0ms)
				RefreshPlugins (1ms)
				BeforeProcessingInitializeOnLoad (91ms)
				ProcessInitializeOnLoadAttributes (209ms)
				ProcessInitializeOnLoadMethodAttributes (21ms)
				AfterProcessingInitializeOnLoad (9ms)
				EditorAssembliesLoaded (0ms)
			ExecutionOrderSort2 (0ms)
			AwakeInstancesAfterBackupRestoration (5ms)
Platform modules already initialized, skipping
========================================================================
Worker process is ready to serve import requests
Launched and connected shader compiler UnityShaderCompiler.exe after 0.05 seconds
Refreshing native plugins compatible for Editor in 0.73 ms, found 3 plugins.
Preloading 0 native plugins for Editor in 0.00 ms.
Unloading 3052 Unused Serialized files (Serialized files now loaded: 0)
Unloading 22 unused Assets / (46.7 KB). Loaded Objects now: 3517.
Memory consumption went from 112.1 MB to 112.1 MB.
Total: 3.181600 ms (FindLiveObjects: 0.508600 ms CreateObjectMapping: 0.106000 ms MarkObjects: 2.476900 ms  DeleteObjects: 0.089000 ms)

AssetImportParameters requested are different than current active one (requested -> active):
  custom:video-decoder-ogg-theora: a1e56fd34408186e4bbccfd4996cb3dc -> 
  custom:container-muxer-webm: aa71ff27fc2769a1b78a27578f13a17b -> 
  custom:container-demuxer-webm: 4f35f7cbe854078d1ac9338744f61a02 -> 
  custom:video-encoder-webm-vp8: eb34c28f22e8b96e1ab97ce403110664 -> 
  custom:CustomObjectIndexerAttribute: bc11b3a6c3213fcdd17b65e7da85e133 -> 
  custom:audio-encoder-webm-vorbis: bf7c407c2cedff20999df2af8eb42d56 -> 
  custom:framework-win-MediaFoundation: 216162199b28c13a410421893ffa2e32 -> 
  custom:container-demuxer-ogg: 62fdf1f143b41e24485cea50d1cbac27 -> 
  custom:video-decoder-webm-vp8: 9c59270c3fd7afecdb556c50c9e8de78 -> 
  custom:audio-decoder-ogg-vorbis: bf7c407c2cedff20999df2af8eb42d56 -> 
========================================================================
Received Import Request.
  Time since last request: 153287.105323 seconds.
  path: Assets/AK STUDIO ART/Bed/Prefabs/Bed.prefab
  artifactKey: Guid(e44e3122cb7192042b96792e967c285b) Importer(815301076,1909f56bfc062723c751e8b465ee728b)
Start importing Assets/AK STUDIO ART/Bed/Prefabs/Bed.prefab using Guid(e44e3122cb7192042b96792e967c285b) Importer(815301076,1909f56bfc062723c751e8b465ee728b)  -> (artifact id: 'b5087e0ba5f699868c71d41c6441b0f1') in 0.451967 seconds 
========================================================================
Received Import Request.
  Time since last request: 1269.030321 seconds.
  path: Assets/karsiori/Scenes
  artifactKey: Guid(f2721d0afe82b4443a3c34f4dac049b3) Importer(815301076,1909f56bfc062723c751e8b465ee728b)
Start importing Assets/karsiori/Scenes using Guid(f2721d0afe82b4443a3c34f4dac049b3) Importer(815301076,1909f56bfc062723c751e8b465ee728b)  -> (artifact id: 'da6e083316dc27284245ec9f012a4d9c') in 0.010238 seconds 
========================================================================
Received Import Request.
  Time since last request: 0.879813 seconds.
  path: Assets/karsiori/Scenes/SampleScene - Woods Tileset and Background.unity
  artifactKey: Guid(2cda990e2423bbf4892e6590ba056729) Importer(815301076,1909f56bfc062723c751e8b465ee728b)
Start importing Assets/karsiori/Scenes/SampleScene - Woods Tileset and Background.unity using Guid(2cda990e2423bbf4892e6590ba056729) Importer(815301076,1909f56bfc062723c751e8b465ee728b)  -> (artifact id: '51980973185b3e7bd114ad3268da0d72') in 0.008871 seconds 
========================================================================
Received Import Request.
  Time since last request: 52.320856 seconds.
  path: Assets/AK STUDIO ART/Bed/Models/Materials/Bed Cloth.mat
  artifactKey: Guid(aa80971f766893d49b8388d259ecd2d0) Importer(815301076,1909f56bfc062723c751e8b465ee728b)
Start importing Assets/AK STUDIO ART/Bed/Models/Materials/Bed Cloth.mat using Guid(aa80971f766893d49b8388d259ecd2d0) Importer(815301076,1909f56bfc062723c751e8b465ee728b)  -> (artifact id: 'cdc8239d27c8e12c313ab4b92e87e75c') in 0.051963 seconds 
========================================================================
Received Import Request.
  Time since last request: 0.000020 seconds.
  path: Assets/AK STUDIO ART/Bed/Models/Materials/Bed Wood.mat
  artifactKey: Guid(e015334593e642f498977af7feab1037) Importer(815301076,1909f56bfc062723c751e8b465ee728b)
Start importing Assets/AK STUDIO ART/Bed/Models/Materials/Bed Wood.mat using Guid(e015334593e642f498977af7feab1037) Importer(815301076,1909f56bfc062723c751e8b465ee728b)  -> (artifact id: '676d89cc251e71bdd869a40e84917d45') in 0.041429 seconds 
========================================================================
Received Import Request.
  Time since last request: 139.928412 seconds.
  path: Assets/AK STUDIO ART/Bed/Environment/Interior.png
  artifactKey: Guid(750e8965acf46cc4ca958ef42b62bf20) Importer(815301076,1909f56bfc062723c751e8b465ee728b)
Start importing Assets/AK STUDIO ART/Bed/Environment/Interior.png using Guid(750e8965acf46cc4ca958ef42b62bf20) Importer(815301076,1909f56bfc062723c751e8b465ee728b)  -> (artifact id: '0e23140f18afa057889c163b7fdad461') in 0.059487 seconds 
========================================================================
Received Import Request.
  Time since last request: 4.990908 seconds.
  path: Assets/AK STUDIO ART/Bed/Models/Textures/Bed_Cloth_AlbedoTransparency.png
  artifactKey: Guid(bf21f7dd5bb68344ba9e7b0240a869b3) Importer(815301076,1909f56bfc062723c751e8b465ee728b)
Start importing Assets/AK STUDIO ART/Bed/Models/Textures/Bed_Cloth_AlbedoTransparency.png using Guid(bf21f7dd5bb68344ba9e7b0240a869b3) Importer(815301076,1909f56bfc062723c751e8b465ee728b)  -> (artifact id: '6ff3bd55d01fcf122fbe8ce092beac13') in 0.038796 seconds 
========================================================================
Received Import Request.
  Time since last request: 0.000024 seconds.
  path: Assets/AK STUDIO ART/Bed/Models/Textures/Bed_Wood_Normal.png
  artifactKey: Guid(92a8eb8ea65fbb74fae08dcda0a26fb5) Importer(815301076,1909f56bfc062723c751e8b465ee728b)
Start importing Assets/AK STUDIO ART/Bed/Models/Textures/Bed_Wood_Normal.png using Guid(92a8eb8ea65fbb74fae08dcda0a26fb5) Importer(815301076,1909f56bfc062723c751e8b465ee728b)  -> (artifact id: '7b1563c5099245e9cc92c25f96d5b056') in 0.033323 seconds 
========================================================================
Received Import Request.
  Time since last request: 0.000034 seconds.
  path: Assets/AK STUDIO ART/Bed/Models/Textures/Bed_Cloth_MetallicSmoothness.png
  artifactKey: Guid(1f80f627f2d987341993fcf83eb384bc) Importer(815301076,1909f56bfc062723c751e8b465ee728b)
Start importing Assets/AK STUDIO ART/Bed/Models/Textures/Bed_Cloth_MetallicSmoothness.png using Guid(1f80f627f2d987341993fcf83eb384bc) Importer(815301076,1909f56bfc062723c751e8b465ee728b)  -> (artifact id: '37aebb92e9886ccda41510c08f9ee5a0') in 0.033250 seconds 
========================================================================
Received Import Request.
  Time since last request: 0.000026 seconds.
  path: Assets/AK STUDIO ART/Bed/Models/Textures/Bed_Leather_Normal.png
  artifactKey: Guid(1949f52bab667c843955bde7d11eeea0) Importer(815301076,1909f56bfc062723c751e8b465ee728b)
Start importing Assets/AK STUDIO ART/Bed/Models/Textures/Bed_Leather_Normal.png using Guid(1949f52bab667c843955bde7d11eeea0) Importer(815301076,1909f56bfc062723c751e8b465ee728b)  -> (artifact id: '0fe78abedbc090dea123309217a91cf8') in 0.029777 seconds 
========================================================================
Received Import Request.
  Time since last request: 0.000032 seconds.
  path: Assets/AK STUDIO ART/Bed/Models/Textures/Bed_Wood_MetallicSmoothness.png
  artifactKey: Guid(5c29396c4a961e34aabdfd1f05d3520e) Importer(815301076,1909f56bfc062723c751e8b465ee728b)
Start importing Assets/AK STUDIO ART/Bed/Models/Textures/Bed_Wood_MetallicSmoothness.png using Guid(5c29396c4a961e34aabdfd1f05d3520e) Importer(815301076,1909f56bfc062723c751e8b465ee728b)  -> (artifact id: 'bca6eda16724e959b1384e0b53ac173c') in 0.027097 seconds 
========================================================================
Received Import Request.
  Time since last request: 0.000030 seconds.
  path: Assets/AK STUDIO ART/Bed/Models/Textures/Bed_Leather_AO.png
  artifactKey: Guid(889cc72f7e3478e43b375e50546b2fb3) Importer(815301076,1909f56bfc062723c751e8b465ee728b)
Start importing Assets/AK STUDIO ART/Bed/Models/Textures/Bed_Leather_AO.png using Guid(889cc72f7e3478e43b375e50546b2fb3) Importer(815301076,1909f56bfc062723c751e8b465ee728b)  -> (artifact id: '772928716b84a9a275245e913b565284') in 0.029230 seconds 
========================================================================
Received Import Request.
  Time since last request: 9.243200 seconds.
  path: Assets/karsiori/TileMap/Backgrounds/BUSH - BACKGROUND.png
  artifactKey: Guid(6e0fcddb85b3bfd4a9a26b3143f5d12a) Importer(815301076,1909f56bfc062723c751e8b465ee728b)
Start importing Assets/karsiori/TileMap/Backgrounds/BUSH - BACKGROUND.png using Guid(6e0fcddb85b3bfd4a9a26b3143f5d12a) Importer(815301076,1909f56bfc062723c751e8b465ee728b)  -> (artifact id: 'f8bdd6726b130ee7ec398d24ff524030') in 0.051864 seconds 
========================================================================
Received Import Request.
  Time since last request: 0.000036 seconds.
  path: Assets/karsiori/TileMap/Backgrounds/WOODS - Second.png
  artifactKey: Guid(066d770ac5ce1af4ca576794cfe6704e) Importer(815301076,1909f56bfc062723c751e8b465ee728b)
Start importing Assets/karsiori/TileMap/Backgrounds/WOODS - Second.png using Guid(066d770ac5ce1af4ca576794cfe6704e) Importer(815301076,1909f56bfc062723c751e8b465ee728b)  -> (artifact id: 'd0761485a4ac312c2bd01d86a6455dae') in 0.036125 seconds 
========================================================================
Received Import Request.
  Time since last request: 0.000045 seconds.
  path: Assets/karsiori/TileMap/Backgrounds/WOODS - Third.png
  artifactKey: Guid(45367da5e1f745b4daacb977484a3704) Importer(815301076,1909f56bfc062723c751e8b465ee728b)
Start importing Assets/karsiori/TileMap/Backgrounds/WOODS - Third.png using Guid(45367da5e1f745b4daacb977484a3704) Importer(815301076,1909f56bfc062723c751e8b465ee728b)  -> (artifact id: 'c6c352fc51f2b7fcb6bc00d8ff7e80a7') in 0.039240 seconds 
