Using pre-set license
Built from '2021.3/staging' branch; Version is '2021.3.29f1 (204d6dc9ae1c) revision 2116973'; Using compiler version '192829333'; Build Type 'Release'
OS: 'Windows 11  (10.0.22621) 64bit Professional' Language: 'pt' Physical Memory: 16332 MB
BatchMode: 1, IsHumanControllingUs: 0, StartBugReporterOnCrash: 0, Is64bit: 1, IsPro: 1

COMMAND LINE ARGUMENTS:
C:\Program Files\Unity\Hub\Editor\2021.3.29f1\Editor\Unity.exe
-adb2
-batchMode
-noUpm
-name
AssetImportWorker10
-projectPath
C:/Users/enzot/OneDrive/Documentos/UnityProjetos/AtividadeFinalShaders
-logFile
Logs/AssetImportWorker10.log
-srvPort
50722
Successfully changed project path to: C:/Users/enzot/OneDrive/Documentos/UnityProjetos/AtividadeFinalShaders
C:/Users/enzot/OneDrive/Documentos/UnityProjetos/AtividadeFinalShaders
[UnityMemory] Configuration Parameters - Can be set up in boot.config
    "memorysetup-bucket-allocator-granularity=16"
    "memorysetup-bucket-allocator-bucket-count=8"
    "memorysetup-bucket-allocator-block-size=33554432"
    "memorysetup-bucket-allocator-block-count=8"
    "memorysetup-main-allocator-block-size=16777216"
    "memorysetup-thread-allocator-block-size=16777216"
    "memorysetup-gfx-main-allocator-block-size=16777216"
    "memorysetup-gfx-thread-allocator-block-size=16777216"
    "memorysetup-cache-allocator-block-size=4194304"
    "memorysetup-typetree-allocator-block-size=2097152"
    "memorysetup-profiler-bucket-allocator-granularity=16"
    "memorysetup-profiler-bucket-allocator-bucket-count=8"
    "memorysetup-profiler-bucket-allocator-block-size=33554432"
    "memorysetup-profiler-bucket-allocator-block-count=8"
    "memorysetup-profiler-allocator-block-size=16777216"
    "memorysetup-profiler-editor-allocator-block-size=1048576"
    "memorysetup-temp-allocator-size-main=16777216"
    "memorysetup-job-temp-allocator-block-size=2097152"
    "memorysetup-job-temp-allocator-block-size-background=1048576"
    "memorysetup-job-temp-allocator-reduction-small-platforms=262144"
    "memorysetup-temp-allocator-size-background-worker=32768"
    "memorysetup-temp-allocator-size-job-worker=262144"
    "memorysetup-temp-allocator-size-preload-manager=33554432"
    "memorysetup-temp-allocator-size-nav-mesh-worker=65536"
    "memorysetup-temp-allocator-size-audio-worker=65536"
    "memorysetup-temp-allocator-size-cloud-worker=32768"
    "memorysetup-temp-allocator-size-gi-baking-worker=262144"
    "memorysetup-temp-allocator-size-gfx=262144"
Player connection [6140] Host "[IP] 192.168.15.38 [Port] 0 [Flags] 2 [Guid] 1386663699 [EditorId] 1386663699 [Version] 1048832 [Id] WindowsEditor(7,PC_ENZO) [Debug] 1 [PackageName] WindowsEditor [ProjectName] Editor" joined multi-casting on [225.0.0.222:54997]...

Player connection [6140] Host "[IP] 192.168.15.38 [Port] 0 [Flags] 2 [Guid] 1386663699 [EditorId] 1386663699 [Version] 1048832 [Id] WindowsEditor(7,PC_ENZO) [Debug] 1 [PackageName] WindowsEditor [ProjectName] Editor" joined alternative multi-casting on [225.0.0.222:34997]...

Refreshing native plugins compatible for Editor in 157.68 ms, found 3 plugins.
Preloading 0 native plugins for Editor in 0.00 ms.
Initialize engine version: 2021.3.29f1 (204d6dc9ae1c)
[Subsystems] Discovering subsystems at path C:/Program Files/Unity/Hub/Editor/2021.3.29f1/Editor/Data/Resources/UnitySubsystems
[Subsystems] Discovering subsystems at path C:/Users/enzot/OneDrive/Documentos/UnityProjetos/AtividadeFinalShaders/Assets
GfxDevice: creating device client; threaded=0; jobified=0
Direct3D:
    Version:  Direct3D 11.0 [level 11.1]
    Renderer: NVIDIA GeForce GTX 1650 (ID=0x2188)
    Vendor:   NVIDIA
    VRAM:     3935 MB
    Driver:   31.0.15.5152
Initialize mono
Mono path[0] = 'C:/Program Files/Unity/Hub/Editor/2021.3.29f1/Editor/Data/Managed'
Mono path[1] = 'C:/Program Files/Unity/Hub/Editor/2021.3.29f1/Editor/Data/MonoBleedingEdge/lib/mono/unityjit-win32'
Mono config path = 'C:/Program Files/Unity/Hub/Editor/2021.3.29f1/Editor/Data/MonoBleedingEdge/etc'
Using monoOptions --debugger-agent=transport=dt_socket,embedding=1,server=y,suspend=n,address=127.0.0.1:56432
Begin MonoManager ReloadAssembly
Registering precompiled unity dll's ...
Register platform support module: C:/Program Files/Unity/Hub/Editor/2021.3.29f1/Editor/Data/PlaybackEngines/AndroidPlayer/UnityEditor.Android.Extensions.dll
Register platform support module: C:/Program Files/Unity/Hub/Editor/2021.3.29f1/Editor/Data/PlaybackEngines/WindowsStandaloneSupport/UnityEditor.WindowsStandalone.Extensions.dll
Registered in 0.250952 seconds.
Native extension for WindowsStandalone target not found
Native extension for Android target not found
Android Extension - Scanning For ADB Devices 449 ms
Refreshing native plugins compatible for Editor in 77.56 ms, found 3 plugins.
Preloading 0 native plugins for Editor in 0.00 ms.
Mono: successfully reloaded assembly
- Completed reload, in  7.052 seconds
Domain Reload Profiling:
	ReloadAssembly (7053ms)
		BeginReloadAssembly (4700ms)
			ExecutionOrderSort (0ms)
			DisableScriptedObjects (0ms)
			BackupInstance (0ms)
			ReleaseScriptingObjects (0ms)
			CreateAndSetChildDomain (1ms)
		EndReloadAssembly (1739ms)
			LoadAssemblies (4703ms)
			RebuildTransferFunctionScriptingTraits (0ms)
			SetupTypeCache (905ms)
			ReleaseScriptCaches (0ms)
			RebuildScriptCaches (26ms)
			SetupLoadedEditorAssemblies (756ms)
				LogAssemblyErrors (0ms)
				InitializePlatformSupportModulesInManaged (556ms)
				SetLoadedEditorAssemblies (0ms)
				RefreshPlugins (78ms)
				BeforeProcessingInitializeOnLoad (1ms)
				ProcessInitializeOnLoadAttributes (76ms)
				ProcessInitializeOnLoadMethodAttributes (45ms)
				AfterProcessingInitializeOnLoad (0ms)
				EditorAssembliesLoaded (0ms)
			ExecutionOrderSort2 (0ms)
			AwakeInstancesAfterBackupRestoration (0ms)
Platform modules already initialized, skipping
Registering precompiled user dll's ...
Registered in 0.005104 seconds.
Begin MonoManager ReloadAssembly
Symbol file LoadedFromMemory doesn't match image C:\Users\enzot\OneDrive\Documentos\UnityProjetos\AtividadeFinalShaders\Library\PackageCache\com.unity.visualscripting@1.8.0\Editor\VisualScripting.Core\Dependencies\YamlDotNet\Unity.VisualScripting.YamlDotNet.dll
Symbol file LoadedFromMemory doesn't match image C:\Users\enzot\OneDrive\Documentos\UnityProjetos\AtividadeFinalShaders\Library\PackageCache\com.unity.visualscripting@1.8.0\Editor\VisualScripting.Core\Dependencies\DotNetZip\Unity.VisualScripting.IonicZip.dll
Native extension for WindowsStandalone target not found
Native extension for Android target not found
Refreshing native plugins compatible for Editor in 0.58 ms, found 3 plugins.
Preloading 0 native plugins for Editor in 0.00 ms.
Mono: successfully reloaded assembly
- Completed reload, in  4.118 seconds
Domain Reload Profiling:
	ReloadAssembly (4119ms)
		BeginReloadAssembly (111ms)
			ExecutionOrderSort (0ms)
			DisableScriptedObjects (5ms)
			BackupInstance (0ms)
			ReleaseScriptingObjects (0ms)
			CreateAndSetChildDomain (18ms)
		EndReloadAssembly (3861ms)
			LoadAssemblies (2602ms)
			RebuildTransferFunctionScriptingTraits (0ms)
			SetupTypeCache (850ms)
			ReleaseScriptCaches (1ms)
			RebuildScriptCaches (56ms)
			SetupLoadedEditorAssemblies (315ms)
				LogAssemblyErrors (0ms)
				InitializePlatformSupportModulesInManaged (20ms)
				SetLoadedEditorAssemblies (0ms)
				RefreshPlugins (1ms)
				BeforeProcessingInitializeOnLoad (74ms)
				ProcessInitializeOnLoadAttributes (195ms)
				ProcessInitializeOnLoadMethodAttributes (17ms)
				AfterProcessingInitializeOnLoad (8ms)
				EditorAssembliesLoaded (0ms)
			ExecutionOrderSort2 (0ms)
			AwakeInstancesAfterBackupRestoration (5ms)
Platform modules already initialized, skipping
========================================================================
Worker process is ready to serve import requests
Launched and connected shader compiler UnityShaderCompiler.exe after 0.08 seconds
Refreshing native plugins compatible for Editor in 0.60 ms, found 3 plugins.
Preloading 0 native plugins for Editor in 0.00 ms.
Unloading 3058 Unused Serialized files (Serialized files now loaded: 0)
Unloading 22 unused Assets / (48.1 KB). Loaded Objects now: 3526.
Memory consumption went from 116.1 MB to 116.1 MB.
Total: 2.958400 ms (FindLiveObjects: 0.312700 ms CreateObjectMapping: 0.100900 ms MarkObjects: 2.446700 ms  DeleteObjects: 0.096900 ms)

AssetImportParameters requested are different than current active one (requested -> active):
  custom:video-decoder-ogg-theora: a1e56fd34408186e4bbccfd4996cb3dc -> 
  custom:container-muxer-webm: aa71ff27fc2769a1b78a27578f13a17b -> 
  custom:container-demuxer-webm: 4f35f7cbe854078d1ac9338744f61a02 -> 
  custom:video-encoder-webm-vp8: eb34c28f22e8b96e1ab97ce403110664 -> 
  custom:CustomObjectIndexerAttribute: bc11b3a6c3213fcdd17b65e7da85e133 -> 
  custom:audio-encoder-webm-vorbis: bf7c407c2cedff20999df2af8eb42d56 -> 
  custom:framework-win-MediaFoundation: 216162199b28c13a410421893ffa2e32 -> 
  custom:container-demuxer-ogg: 62fdf1f143b41e24485cea50d1cbac27 -> 
  custom:video-decoder-webm-vp8: 9c59270c3fd7afecdb556c50c9e8de78 -> 
  custom:audio-decoder-ogg-vorbis: bf7c407c2cedff20999df2af8eb42d56 -> 
========================================================================
Received Import Request.
  Time since last request: 173247.228943 seconds.
  path: Assets/Objetos/lieu1.fbx
  artifactKey: Guid(ebc3f78c22543a74bba1db7f7fa1c82e) Importer(815301076,1909f56bfc062723c751e8b465ee728b)
Start importing Assets/Objetos/lieu1.fbx using Guid(ebc3f78c22543a74bba1db7f7fa1c82e) Importer(815301076,1909f56bfc062723c751e8b465ee728b)  -> (artifact id: '68e97440acf0ae9d055ee662078a43f2') in 0.472388 seconds 
========================================================================
Received Import Request.
  Time since last request: 31.450147 seconds.
  path: Assets/Objetos/lieu1.fbx
  artifactKey: Guid(ebc3f78c22543a74bba1db7f7fa1c82e) Importer(815301076,1909f56bfc062723c751e8b465ee728b)
Start importing Assets/Objetos/lieu1.fbx using Guid(ebc3f78c22543a74bba1db7f7fa1c82e) Importer(815301076,1909f56bfc062723c751e8b465ee728b)  -> (artifact id: 'ba0cd32e6dbf14707cde80e7f8a306d4') in 0.237927 seconds 
========================================================================
Received Import Request.
  Time since last request: 208.187838 seconds.
  path: Assets/light.lighting
  artifactKey: Guid(bb897f28710bd044d8a4e3744bb8b694) Importer(815301076,1909f56bfc062723c751e8b465ee728b)
Start importing Assets/light.lighting using Guid(bb897f28710bd044d8a4e3744bb8b694) Importer(815301076,1909f56bfc062723c751e8b465ee728b)  -> (artifact id: '2857564702a25b2586eb81a58f33c53f') in 0.010597 seconds 
========================================================================
Received Prepare
Registering precompiled user dll's ...
Registered in 0.004933 seconds.
Begin MonoManager ReloadAssembly
Symbol file LoadedFromMemory doesn't match image C:\Users\enzot\OneDrive\Documentos\UnityProjetos\AtividadeFinalShaders\Library\PackageCache\com.unity.visualscripting@1.8.0\Editor\VisualScripting.Core\Dependencies\YamlDotNet\Unity.VisualScripting.YamlDotNet.dll
Symbol file LoadedFromMemory doesn't match image C:\Users\enzot\OneDrive\Documentos\UnityProjetos\AtividadeFinalShaders\Library\PackageCache\com.unity.visualscripting@1.8.0\Editor\VisualScripting.Core\Dependencies\DotNetZip\Unity.VisualScripting.IonicZip.dll
Native extension for WindowsStandalone target not found
Native extension for Android target not found
Refreshing native plugins compatible for Editor in 0.80 ms, found 3 plugins.
Preloading 0 native plugins for Editor in 0.00 ms.
Mono: successfully reloaded assembly
- Completed reload, in  0.955 seconds
Domain Reload Profiling:
	ReloadAssembly (956ms)
		BeginReloadAssembly (142ms)
			ExecutionOrderSort (0ms)
			DisableScriptedObjects (4ms)
			BackupInstance (0ms)
			ReleaseScriptingObjects (0ms)
			CreateAndSetChildDomain (35ms)
		EndReloadAssembly (719ms)
			LoadAssemblies (91ms)
			RebuildTransferFunctionScriptingTraits (0ms)
			SetupTypeCache (265ms)
			ReleaseScriptCaches (1ms)
			RebuildScriptCaches (43ms)
			SetupLoadedEditorAssemblies (279ms)
				LogAssemblyErrors (0ms)
				InitializePlatformSupportModulesInManaged (20ms)
				SetLoadedEditorAssemblies (0ms)
				RefreshPlugins (1ms)
				BeforeProcessingInitializeOnLoad (56ms)
				ProcessInitializeOnLoadAttributes (166ms)
				ProcessInitializeOnLoadMethodAttributes (23ms)
				AfterProcessingInitializeOnLoad (12ms)
				EditorAssembliesLoaded (0ms)
			ExecutionOrderSort2 (0ms)
			AwakeInstancesAfterBackupRestoration (8ms)
Platform modules already initialized, skipping
Refreshing native plugins compatible for Editor in 2.89 ms, found 3 plugins.
Preloading 0 native plugins for Editor in 0.00 ms.
Unloading 3044 Unused Serialized files (Serialized files now loaded: 0)
Unloading 15 unused Assets / (21.9 KB). Loaded Objects now: 3573.
Memory consumption went from 115.4 MB to 115.4 MB.
Total: 3.015500 ms (FindLiveObjects: 0.339000 ms CreateObjectMapping: 0.080400 ms MarkObjects: 2.572300 ms  DeleteObjects: 0.022800 ms)

AssetImportParameters requested are different than current active one (requested -> active):
  custom:video-decoder-ogg-theora: a1e56fd34408186e4bbccfd4996cb3dc -> 
  custom:container-muxer-webm: aa71ff27fc2769a1b78a27578f13a17b -> 
  custom:container-demuxer-webm: 4f35f7cbe854078d1ac9338744f61a02 -> 
  custom:video-encoder-webm-vp8: eb34c28f22e8b96e1ab97ce403110664 -> 
  custom:CustomObjectIndexerAttribute: bc11b3a6c3213fcdd17b65e7da85e133 -> 
  custom:audio-encoder-webm-vorbis: bf7c407c2cedff20999df2af8eb42d56 -> 
  custom:framework-win-MediaFoundation: 216162199b28c13a410421893ffa2e32 -> 
  custom:container-demuxer-ogg: 62fdf1f143b41e24485cea50d1cbac27 -> 
  custom:video-decoder-webm-vp8: 9c59270c3fd7afecdb556c50c9e8de78 -> 
  custom:audio-decoder-ogg-vorbis: bf7c407c2cedff20999df2af8eb42d56 -> 
========================================================================
Received Import Request.
  Time since last request: 98.411050 seconds.
  path: Assets/Texturas/Materials/window_a_albedo.mat
  artifactKey: Guid(1f146fa88e26adc4b9eb54a8781a2df6) Importer(815301076,1909f56bfc062723c751e8b465ee728b)
Start importing Assets/Texturas/Materials/window_a_albedo.mat using Guid(1f146fa88e26adc4b9eb54a8781a2df6) Importer(815301076,1909f56bfc062723c751e8b465ee728b)  -> (artifact id: 'd55516ebbe58a2eab7a6328490dabbd8') in 0.077341 seconds 
========================================================================
Received Import Request.
  Time since last request: 0.034086 seconds.
  path: Assets/Shaders/Livro.shader
  artifactKey: Guid(adb891c98d57a6446891668c511fcac9) Importer(815301076,1909f56bfc062723c751e8b465ee728b)
Start importing Assets/Shaders/Livro.shader using Guid(adb891c98d57a6446891668c511fcac9) Importer(815301076,1909f56bfc062723c751e8b465ee728b)  -> (artifact id: '4c2d6205798fe250bf4b302573386d36') in 0.008652 seconds 
========================================================================
Received Import Request.
  Time since last request: 0.079762 seconds.
  path: Assets/Texturas/Materials/window_b_roughness.mat
  artifactKey: Guid(dbecf4b7d0ab6ba4698c5bab141d0d94) Importer(815301076,1909f56bfc062723c751e8b465ee728b)
Start importing Assets/Texturas/Materials/window_b_roughness.mat using Guid(dbecf4b7d0ab6ba4698c5bab141d0d94) Importer(815301076,1909f56bfc062723c751e8b465ee728b)  -> (artifact id: '7bb9777b93882708908e642587a272e3') in 0.016051 seconds 
========================================================================
Received Import Request.
  Time since last request: 0.041644 seconds.
  path: Assets/Skybox
  artifactKey: Guid(69c64f5f9bf9af048a30d82cc88c6c01) Importer(815301076,1909f56bfc062723c751e8b465ee728b)
Start importing Assets/Skybox using Guid(69c64f5f9bf9af048a30d82cc88c6c01) Importer(815301076,1909f56bfc062723c751e8b465ee728b)  -> (artifact id: 'a0817fa14da6759739d37dc7360727dc') in 0.012678 seconds 
========================================================================
Received Import Request.
  Time since last request: 0.289443 seconds.
  path: Assets/Texturas/Materials/window_a_roughness.mat
  artifactKey: Guid(0d86af861f34a9b4c97b1df01d105b0c) Importer(815301076,1909f56bfc062723c751e8b465ee728b)
Start importing Assets/Texturas/Materials/window_a_roughness.mat using Guid(0d86af861f34a9b4c97b1df01d105b0c) Importer(815301076,1909f56bfc062723c751e8b465ee728b)  -> (artifact id: 'd430a159a88a6705d7496ce299c452b4') in 0.015653 seconds 
========================================================================
Received Import Request.
  Time since last request: 0.006900 seconds.
  path: Assets/Skybox/Scene
  artifactKey: Guid(570cba0f0f14e2c41a3870c6e4989832) Importer(815301076,1909f56bfc062723c751e8b465ee728b)
Start importing Assets/Skybox/Scene using Guid(570cba0f0f14e2c41a3870c6e4989832) Importer(815301076,1909f56bfc062723c751e8b465ee728b)  -> (artifact id: '267f477ed4f13088237af067083a691a') in 0.008086 seconds 
========================================================================
Received Import Request.
  Time since last request: 0.106689 seconds.
  path: Assets/Skybox/Scene/mainScene.unity
  artifactKey: Guid(7540eab4397561d4cb2a37cb06761818) Importer(815301076,1909f56bfc062723c751e8b465ee728b)
Start importing Assets/Skybox/Scene/mainScene.unity using Guid(7540eab4397561d4cb2a37cb06761818) Importer(815301076,1909f56bfc062723c751e8b465ee728b)  -> (artifact id: '3a2098305283b66075320196db970665') in 0.007637 seconds 
========================================================================
Received Import Request.
  Time since last request: 0.233373 seconds.
  path: Assets/Texturas/Materials/window_b_metallic.mat
  artifactKey: Guid(b9104b3ebaaab3347b0a09bb39f744cc) Importer(815301076,1909f56bfc062723c751e8b465ee728b)
Start importing Assets/Texturas/Materials/window_b_metallic.mat using Guid(b9104b3ebaaab3347b0a09bb39f744cc) Importer(815301076,1909f56bfc062723c751e8b465ee728b)  -> (artifact id: 'faccfee994634113ce01f64897afb173') in 0.019517 seconds 
========================================================================
Received Import Request.
  Time since last request: 0.296608 seconds.
  path: Assets/Skybox/Scene/mainSceneSettings.lighting
  artifactKey: Guid(8a513b2a0c4c63e45ae089a9fc67d435) Importer(815301076,1909f56bfc062723c751e8b465ee728b)
Start importing Assets/Skybox/Scene/mainSceneSettings.lighting using Guid(8a513b2a0c4c63e45ae089a9fc67d435) Importer(815301076,1909f56bfc062723c751e8b465ee728b) LightingSettings: switching bake backend from 1 to 0.
 -> (artifact id: '057ca445641c6f290b791e2650e7de0d') in 0.013681 seconds 
========================================================================
Received Import Request.
  Time since last request: 0.021207 seconds.
  path: Assets/Scenes/Shaders.unity
  artifactKey: Guid(7f8202baf3692794288ec9c86ce42dd7) Importer(815301076,1909f56bfc062723c751e8b465ee728b)
Start importing Assets/Scenes/Shaders.unity using Guid(7f8202baf3692794288ec9c86ce42dd7) Importer(815301076,1909f56bfc062723c751e8b465ee728b)  -> (artifact id: '4ebd185d7be512f5b84826f9624c9f6d') in 0.015611 seconds 
========================================================================
Received Import Request.
  Time since last request: 0.053140 seconds.
  path: Assets/Texturas/Materials/window_b_albedo.mat
  artifactKey: Guid(7495cc5c7f410fa44b8e3f3971d87093) Importer(815301076,1909f56bfc062723c751e8b465ee728b)
Start importing Assets/Texturas/Materials/window_b_albedo.mat using Guid(7495cc5c7f410fa44b8e3f3971d87093) Importer(815301076,1909f56bfc062723c751e8b465ee728b)  -> (artifact id: '1394ad475765c38b0a7ccd267090bf73') in 0.015327 seconds 
========================================================================
Received Import Request.
  Time since last request: 0.604968 seconds.
  path: Assets/Skybox/Cubemaps
  artifactKey: Guid(05ed5ae0357ba2b42acc61e9297be678) Importer(815301076,1909f56bfc062723c751e8b465ee728b)
Start importing Assets/Skybox/Cubemaps using Guid(05ed5ae0357ba2b42acc61e9297be678) Importer(815301076,1909f56bfc062723c751e8b465ee728b)  -> (artifact id: 'f4f0009820cf6422e54a25bfb312b920') in 0.007476 seconds 
